
Tethealla Patch Server version 0.010  Copyright (C) 2008  Terry Chatman Jr.
-=-=-=-=-=-=-=-=-=-=-=-=-=-=-=-=-=-=-=-=-=-=-=-=-=-=-=-=-=-=-=-=-=-=-=-=-
This program comes with ABSOLUTELY NO WARRANTY; for details
see section 15 in gpl-3.0.txt
This is free software, and you are welcome to redistribute it
under certain conditions; see gpl-3.0.txt for details.


Loading configuration from tethealla.ini ...  OK!
Loading configuration from patch.ini ...  OK!

Patch server parameters
///////////////////////
IP: 127.0.0.1
Patch Port: 11000
Data Port: 11001
Maximum Connections: 100
Upload speed: 50 KB/s
Allocating 38554400 bytes of memory for connections... OK!

Preparing patch data...
Reading from folder "patches"...
Scanning: patches\*
Scanning: patches\data\*
BattleParamEntry.dat  Bytes: 62976  Checksum: 3a69eac0
BattleParamEntry_ep4.dat  Bytes: 62976  Checksum: 9b9cf0fa
BattleParamEntry_lab.dat  Bytes: 62976  Checksum: f55f982f
BattleParamEntry_on.dat  Bytes: 62976  Checksum: 36753f75
Scanning: patches\data\test\*
dummy.txt.txt  Bytes: 5  Checksum: 4ff4f23f
online.exe  Bytes: 1765888  Checksum: 955055d5
Scanning: patches\test2\*
dummy.txt.txt  Bytes: 5  Checksum: 4ff4f23f

Done!

Loading welcome.txt ...  (26 bytes) OK!

Opening server patch port 11000 for connections.
Opening server data port 11001 for connections.

Listening...
Accepted PATCH connection from 127.0.0.1:15552
Decrypted Packet:  2
(0000) 04 00 02 00                                     ....


Sending packet  4:
(0000) 04 00 04 00                                     ....


Decrypted Packet:  4
(0000) 70 00 04 00 00 00 00 00 00 00 00 00 00 00 00 00 p...............
(0010) 72 61 62 62 6C 65 00 00 00 00 00 00 00 00 00 00 rabble..........
(0020) 72 61 62 62 6C 65 00 00 00 00 00 00 00 00 00 00 rabble..........
(0030) 00 00 00 00 00 00 00 00 00 00 00 00 00 00 00 00 ................
(0040) 00 00 00 00 00 00 00 00 00 00 00 00 00 00 00 00 ................
(0050) 00 00 00 00 00 00 00 00 00 00 00 00 00 00 00 00 ................
(0060) 00 00 00 00 00 00 00 00 00 00 00 00 00 00 00 00 ................


Sending packet 13:
(0000) 20 00 13 00 FF FE 55 00 6E 00 63 00 6F 00 6E 00  ...ÿþU.n.c.o.n.
(0010) 66 00 69 00 67 00 75 00 72 00 65 00 64 00 00 00 f.i.g.u.r.e.d...

Sending packet 14:
(0000) 0C 00 14 00 7F 00 00 01 2A F9 00 00             .......*ù..


Accepted DATA connection from 127.0.0.1:15808
Decrypted Packet:  2
(0000) 04 00 02 00                                     ....


Sending packet  4:
(0000) 04 00 04 00                                     ....


Decrypted Packet:  4
(0000) 70 00 04 00 00 00 00 00 00 00 00 00 00 00 00 00 p...............
(0010) 72 61 62 62 6C 65 00 00 00 00 00 00 00 00 00 00 rabble..........
(0020) 72 61 62 62 6C 65 00 00 00 00 00 00 00 00 00 00 rabble..........
(0030) 00 00 00 00 00 00 00 00 00 00 00 00 00 00 00 00 ................
(0040) 00 00 00 00 00 00 00 00 00 00 00 00 00 00 00 00 ................
(0050) 00 00 00 00 00 00 00 00 00 00 00 00 00 00 00 00 ................
(0060) 00 00 00 00 00 00 00 00 00 00 00 00 00 00 00 00 ................


Sending packet  B:
(0000) 04 00 0B 00                                     ....


Sending packet  9:
(0000) 44 00 09 00 2E 00 00 00 00 00 00 00 00 00 00 00 D...............
(0010) 00 00 00 00 00 00 00 00 00 00 00 00 00 00 00 00 ................
(0020) 00 00 00 00 00 00 00 00 00 00 00 00 00 00 00 00 ................
(0030) 00 00 00 00 00 00 00 00 00 00 00 00 00 00 00 00 ................
(0040) 00 00 00 00 44 00 09 00 64 61 74 61 00 00 00 00 ....D...data....
(0050) 00 00 00 00 00 00 00 00 00 00 00 00 00 00 00 00 ................
(0060) 00 00 00 00 00 00 00 00 00 00 00 00 00 00 00 00 ................
(0070) 00 00 00 00 00 00 00 00 00 00 00 00 00 00 00 00 ................
(0080) 00 00 00 00 00 00 00 00 28 00 0C 00 00 00 00 00 ........(.......
(0090) 42 61 74 74 6C 65 50 61 72 61 6D 45 6E 74 72 79 BattleParamEntry
(00A0) 2E 64 61 74 00 00 00 00 00 00 00 00 00 00 00 00 .dat............
(00B0) 28 00 0C 00 01 00 00 00 42 61 74 74 6C 65 50 61 (.......BattlePa
(00C0) 72 61 6D 45 6E 74 72 79 5F 65 70 34 2E 64 61 74 ramEntry_ep4.dat
(00D0) 00 00 00 00 00 00 00 00 28 00 0C 00 02 00 00 00 ........(.......
(00E0) 42 61 74 74 6C 65 50 61 72 61 6D 45 6E 74 72 79 BattleParamEntry
(00F0) 5F 6C 61 62 2E 64 61 74 00 00 00 00 00 00 00 00 _lab.dat........
(0100) 28 00 0C 00 03 00 00 00 42 61 74 74 6C 65 50 61 (.......BattlePa
(0110) 72 61 6D 45 6E 74 72 79 5F 6F 6E 2E 64 61 74 00 ramEntry_on.dat.
(0120) 00 00 00 00 00 00 00 00 04 00 0A 00 44 00 09 00 ............D...
(0130) 64 61 74 61 00 00 00 00 00 00 00 00 00 00 00 00 data............
(0140) 00 00 00 00 00 00 00 00 00 00 00 00 00 00 00 00 ................
(0150) 00 00 00 00 00 00 00 00 00 00 00 00 00 00 00 00 ................
(0160) 00 00 00 00 00 00 00 00 00 00 00 00 00 00 00 00 ................
(0170) 44 00 09 00 74 65 73 74 00 00 00 00 00 00 00 00 D...test........
(0180) 00 00 00 00 00 00 00 00 00 00 00 00 00 00 00 00 ................
(0190) 00 00 00 00 00 00 00 00 00 00 00 00 00 00 00 00 ................
(01A0) 00 00 00 00 00 00 00 00 00 00 00 00 00 00 00 00 ................
(01B0) 00 00 00 00 28 00 0C 00 04 00 00 00 64 75 6D 6D ....(.......dumm
(01C0) 79 2E 74 78 74 2E 74 78 74 00 00 00 00 00 00 00 y.txt.txt.......
(01D0) 00 00 00 00 00 00 00 00 00 00 00 00 04 00 0A 00 ................
(01E0) 04 00 0A 00 28 00 0C 00 05 00 00 00 6F 6E 6C 69 ....(.......onli
(01F0) 6E 65 2E 65 78 65 00 00 00 00 00 00 00 00 00 00 ne.exe..........
(0200) 00 00 00 00 00 00 00 00 00 00 00 00 44 00 09 00 ............D...
(0210) 74 65 73 74 32 00 00 00 00 00 00 00 00 00 00 00 test2...........
(0220) 00 00 00 00 00 00 00 00 00 00 00 00 00 00 00 00 ................
(0230) 00 00 00 00 00 00 00 00 00 00 00 00 00 00 00 00 ................
(0240) 00 00 00 00 00 00 00 00 00 00 00 00 00 00 00 00 ................
(0250) 28 00 0C 00 06 00 00 00 64 75 6D 6D 79 2E 74 78 (.......dummy.tx
(0260) 74 2E 74 78 74 00 00 00 00 00 00 00 00 00 00 00 t.txt...........
(0270) 00 00 00 00 00 00 00 00 04 00 0A 00 04 00 0D 00 ................


Decrypted Packet:  F
(0000) 10 00 0F 00 00 00 00 00 C0 EA 69 3A 00 F6 00 00 ........Àêi:.ö..


Decrypted Packet:  F
(0000) 10 00 0F 00 00 00 00 00 C0 EA 69 3A 00 F6 00 00 ........Àêi:.ö..


Decrypted Packet:  F
(0000) 10 00 0F 00 00 00 00 00 C0 EA 69 3A 00 F6 00 00 ........Àêi:.ö..


Decrypted Packet:  F
(0000) 10 00 0F 00 00 00 00 00 C0 EA 69 3A 00 F6 00 00 ........Àêi:.ö..


Decrypted Packet:  F
(0000) 10 00 0F 00 00 00 00 00 C0 EA 69 3A 00 F6 00 00 ........Àêi:.ö..


Decrypted Packet:  F
(0000) 10 00 0F 00 00 00 00 00 C0 EA 69 3A 00 F6 00 00 ........Àêi:.ö..


Decrypted Packet:  F
(0000) 10 00 0F 00 00 00 00 00 C0 EA 69 3A 00 F6 00 00 ........Àêi:.ö..


Decrypted Packet:  F
(0000) 10 00 0F 00                                     ....


Sending packet 11:
(0000) 0C 00 11 00 0A 00 00 00 02 00 00 00             ............


Sending packet  9:
(0000) 44 00 09 00 64 61 74 61 00 00 00 00 00 00 00 00 D...data........
(0010) 00 00 00 00 00 00 00 00 00 00 00 00 00 00 00 00 ................
(0020) 00 00 00 00 00 00 00 00 00 00 00 00 00 00 00 00 ................
(0030) 00 00 00 00 00 00 00 00 00 00 00 00 00 00 00 00 ................
(0040) 00 00 00 00                                     ....


Sending packet  9:
(0000) 44 00 09 00 74 65 73 74 00 00 00 00 00 00 00 00 D...test........
(0010) 00 00 00 00 00 00 00 00 00 00 00 00 00 00 00 00 ................
(0020) 00 00 00 00 00 00 00 00 00 00 00 00 00 00 00 00 ................
(0030) 00 00 00 00 00 00 00 00 00 00 00 00 00 00 00 00 ................
(0040) 00 00 00 00                                     ....


Sending packet  6:
(0000) 3C 00 06 00 00 00 00 00 05 00 00 00 64 75 6D 6D <...........dumm
(0010) 79 2E 74 78 74 2E 74 78 74 00 00 00 00 00 00 00 y.txt.txt.......
(0020) 00 00 00 00 00 00 00 00 00 00 00 00 00 00 00 00 ................
(0030) 00 00 00 00 00 00 00 00 00 00 00 00             ............


(rabble) Sending 2 files, total bytes: 10
Sending packet  7:
(0000) 18 00 07 00 00 00 00 00 3F F2 F4 4F 05 00 00 00 ........?òôO....
(0010) 64 75 6D 6D 79 00 00 00                         dummy...


Sending packet  8:
(0000) 08 00 08 00 00 00 00 00        